mode: set
github.com/martianzhang/json2toon/converter.go:18.43,20.2 1 1
github.com/martianzhang/json2toon/converter.go:22.77,28.2 1 1
github.com/martianzhang/json2toon/converter.go:30.57,35.19 4 1
github.com/martianzhang/json2toon/converter.go:35.19,37.3 1 0
github.com/martianzhang/json2toon/converter.go:38.2,38.16 1 1
github.com/martianzhang/json2toon/converter.go:38.16,40.3 1 0
github.com/martianzhang/json2toon/converter.go:42.2,42.18 1 1
github.com/martianzhang/json2toon/converter.go:42.18,44.3 1 0
github.com/martianzhang/json2toon/converter.go:46.2,47.9 2 1
github.com/martianzhang/json2toon/converter.go:47.9,49.3 1 1
github.com/martianzhang/json2toon/converter.go:51.2,51.15 1 1
github.com/martianzhang/json2toon/converter.go:52.11,53.49 1 1
github.com/martianzhang/json2toon/converter.go:53.49,55.4 1 1
github.com/martianzhang/json2toon/converter.go:56.11,58.17 2 0
github.com/martianzhang/json2toon/converter.go:58.17,60.4 1 0
github.com/martianzhang/json2toon/converter.go:61.3,61.51 1 0
github.com/martianzhang/json2toon/converter.go:61.51,63.4 1 0
github.com/martianzhang/json2toon/converter.go:66.2,66.26 1 1
github.com/martianzhang/json2toon/converter.go:69.59,71.16 2 1
github.com/martianzhang/json2toon/converter.go:71.16,73.3 1 0
github.com/martianzhang/json2toon/converter.go:74.2,74.31 1 1
github.com/martianzhang/json2toon/converter.go:77.35,79.2 1 1
github.com/martianzhang/json2toon/converter.go:81.63,83.21 2 1
github.com/martianzhang/json2toon/converter.go:83.21,85.17 2 1
github.com/martianzhang/json2toon/converter.go:85.17,87.4 1 1
github.com/martianzhang/json2toon/converter.go:89.3,90.10 2 1
github.com/martianzhang/json2toon/converter.go:90.10,92.4 1 0
github.com/martianzhang/json2toon/converter.go:94.3,95.17 2 1
github.com/martianzhang/json2toon/converter.go:95.17,97.4 1 1
github.com/martianzhang/json2toon/converter.go:99.3,99.13 1 1
github.com/martianzhang/json2toon/converter.go:99.13,100.53 1 1
github.com/martianzhang/json2toon/converter.go:100.53,102.5 1 0
github.com/martianzhang/json2toon/converter.go:104.3,107.54 3 1
github.com/martianzhang/json2toon/converter.go:107.54,109.4 1 0
github.com/martianzhang/json2toon/converter.go:111.3,111.51 1 1
github.com/martianzhang/json2toon/converter.go:111.51,113.4 1 0
github.com/martianzhang/json2toon/converter.go:115.3,115.65 1 1
github.com/martianzhang/json2toon/converter.go:115.65,117.4 1 0
github.com/martianzhang/json2toon/converter.go:120.2,120.12 1 1
github.com/martianzhang/json2toon/converter.go:123.86,125.8 2 1
github.com/martianzhang/json2toon/converter.go:125.8,126.16 1 1
github.com/martianzhang/json2toon/converter.go:127.12,128.54 1 1
github.com/martianzhang/json2toon/converter.go:128.54,130.5 1 0
github.com/martianzhang/json2toon/converter.go:131.4,132.50 2 1
github.com/martianzhang/json2toon/converter.go:132.50,134.5 1 0
github.com/martianzhang/json2toon/converter.go:135.4,135.21 1 1
github.com/martianzhang/json2toon/converter.go:136.12,137.52 1 1
github.com/martianzhang/json2toon/converter.go:137.52,139.5 1 0
github.com/martianzhang/json2toon/converter.go:140.4,141.18 2 1
github.com/martianzhang/json2toon/converter.go:141.18,143.5 1 0
github.com/martianzhang/json2toon/converter.go:144.4,144.36 1 1
github.com/martianzhang/json2toon/converter.go:146.3,146.13 1 1
github.com/martianzhang/json2toon/converter.go:149.2,149.51 1 1
github.com/martianzhang/json2toon/converter.go:149.51,151.3 1 0
github.com/martianzhang/json2toon/converter.go:152.2,152.33 1 1
github.com/martianzhang/json2toon/converter.go:155.85,158.21 2 1
github.com/martianzhang/json2toon/converter.go:158.21,160.17 2 1
github.com/martianzhang/json2toon/converter.go:160.17,162.4 1 0
github.com/martianzhang/json2toon/converter.go:164.3,164.42 1 1
github.com/martianzhang/json2toon/converter.go:164.42,165.20 1 1
github.com/martianzhang/json2toon/converter.go:165.20,167.19 2 1
github.com/martianzhang/json2toon/converter.go:167.19,169.6 1 0
github.com/martianzhang/json2toon/converter.go:170.5,170.31 1 1
github.com/martianzhang/json2toon/converter.go:171.10,171.27 1 0
github.com/martianzhang/json2toon/converter.go:171.27,173.19 2 0
github.com/martianzhang/json2toon/converter.go:173.19,175.6 1 0
github.com/martianzhang/json2toon/converter.go:176.5,176.34 1 0
github.com/martianzhang/json2toon/converter.go:178.9,180.4 1 1
github.com/martianzhang/json2toon/converter.go:183.2,183.19 1 1
github.com/martianzhang/json2toon/converter.go:186.94,189.21 2 1
github.com/martianzhang/json2toon/converter.go:189.21,191.17 2 1
github.com/martianzhang/json2toon/converter.go:191.17,193.4 1 0
github.com/martianzhang/json2toon/converter.go:195.3,196.10 2 1
github.com/martianzhang/json2toon/converter.go:196.10,198.4 1 0
github.com/martianzhang/json2toon/converter.go:200.3,201.17 2 1
github.com/martianzhang/json2toon/converter.go:201.17,203.4 1 0
github.com/martianzhang/json2toon/converter.go:205.3,205.47 1 1
github.com/martianzhang/json2toon/converter.go:205.47,206.20 1 0
github.com/martianzhang/json2toon/converter.go:206.20,208.19 2 0
github.com/martianzhang/json2toon/converter.go:208.19,210.6 1 0
github.com/martianzhang/json2toon/converter.go:211.5,211.20 1 0
github.com/martianzhang/json2toon/converter.go:212.10,212.27 1 0
github.com/martianzhang/json2toon/converter.go:212.27,214.19 2 0
github.com/martianzhang/json2toon/converter.go:214.19,216.6 1 0
github.com/martianzhang/json2toon/converter.go:217.5,217.20 1 0
github.com/martianzhang/json2toon/converter.go:219.9,221.4 1 1
github.com/martianzhang/json2toon/converter.go:224.2,224.15 1 1
github.com/martianzhang/json2toon/converter.go:227.65,228.21 1 1
github.com/martianzhang/json2toon/converter.go:228.21,230.3 1 1
github.com/martianzhang/json2toon/converter.go:232.2,232.29 1 1
github.com/martianzhang/json2toon/converter.go:232.29,237.54 5 1
github.com/martianzhang/json2toon/converter.go:237.54,239.4 1 0
github.com/martianzhang/json2toon/converter.go:240.3,240.35 1 1
github.com/martianzhang/json2toon/converter.go:243.2,243.30 1 1
github.com/martianzhang/json2toon/converter.go:243.30,245.54 2 1
github.com/martianzhang/json2toon/converter.go:245.54,247.4 1 0
github.com/martianzhang/json2toon/converter.go:248.3,248.30 1 1
github.com/martianzhang/json2toon/converter.go:248.30,249.13 1 1
github.com/martianzhang/json2toon/converter.go:249.13,250.53 1 1
github.com/martianzhang/json2toon/converter.go:250.53,252.6 1 0
github.com/martianzhang/json2toon/converter.go:254.4,254.50 1 1
github.com/martianzhang/json2toon/converter.go:254.50,256.5 1 0
github.com/martianzhang/json2toon/converter.go:258.3,258.13 1 1
github.com/martianzhang/json2toon/converter.go:261.2,261.38 1 0
github.com/martianzhang/json2toon/converter.go:264.63,265.29 1 1
github.com/martianzhang/json2toon/converter.go:265.29,266.22 1 1
github.com/martianzhang/json2toon/converter.go:267.35,268.12 1 1
github.com/martianzhang/json2toon/converter.go:269.11,270.16 1 0
github.com/martianzhang/json2toon/converter.go:273.2,273.13 1 1
github.com/martianzhang/json2toon/converter.go:276.62,277.21 1 1
github.com/martianzhang/json2toon/converter.go:277.21,279.3 1 0
github.com/martianzhang/json2toon/converter.go:281.2,282.28 2 1
github.com/martianzhang/json2toon/converter.go:282.28,284.3 1 1
github.com/martianzhang/json2toon/converter.go:286.2,288.34 2 1
github.com/martianzhang/json2toon/converter.go:288.34,290.37 2 0
github.com/martianzhang/json2toon/converter.go:290.37,292.4 1 0
github.com/martianzhang/json2toon/converter.go:293.3,294.31 2 0
github.com/martianzhang/json2toon/converter.go:294.31,295.24 1 0
github.com/martianzhang/json2toon/converter.go:295.24,297.5 1 0
github.com/martianzhang/json2toon/converter.go:299.3,299.26 1 0
github.com/martianzhang/json2toon/converter.go:299.26,300.25 1 0
github.com/martianzhang/json2toon/converter.go:300.25,302.5 1 0
github.com/martianzhang/json2toon/converter.go:306.2,306.13 1 1
github.com/martianzhang/json2toon/converter.go:309.53,310.18 1 0
github.com/martianzhang/json2toon/converter.go:311.34,312.14 1 0
github.com/martianzhang/json2toon/converter.go:314.2,314.14 1 0
github.com/martianzhang/json2toon/converter.go:317.69,318.29 1 0
github.com/martianzhang/json2toon/converter.go:318.29,319.52 1 0
github.com/martianzhang/json2toon/converter.go:319.52,321.4 1 0
github.com/martianzhang/json2toon/converter.go:322.3,323.54 2 0
github.com/martianzhang/json2toon/converter.go:323.54,325.4 1 0
github.com/martianzhang/json2toon/converter.go:326.3,326.52 1 0
github.com/martianzhang/json2toon/converter.go:326.52,328.4 1 0
github.com/martianzhang/json2toon/converter.go:330.3,330.29 1 0
github.com/martianzhang/json2toon/converter.go:331.31,334.26 3 0
github.com/martianzhang/json2toon/converter.go:334.26,335.15 1 0
github.com/martianzhang/json2toon/converter.go:335.15,336.55 1 0
github.com/martianzhang/json2toon/converter.go:336.55,338.7 1 0
github.com/martianzhang/json2toon/converter.go:339.6,340.58 2 0
github.com/martianzhang/json2toon/converter.go:340.58,342.7 1 0
github.com/martianzhang/json2toon/converter.go:344.5,345.58 2 0
github.com/martianzhang/json2toon/converter.go:345.58,347.6 1 0
github.com/martianzhang/json2toon/converter.go:348.5,348.48 1 0
github.com/martianzhang/json2toon/converter.go:348.48,350.6 1 0
github.com/martianzhang/json2toon/converter.go:352.4,352.21 1 0
github.com/martianzhang/json2toon/converter.go:353.22,355.50 2 0
github.com/martianzhang/json2toon/converter.go:355.50,357.5 1 0
github.com/martianzhang/json2toon/converter.go:358.4,358.21 1 0
github.com/martianzhang/json2toon/converter.go:359.11,360.49 1 0
github.com/martianzhang/json2toon/converter.go:360.49,362.5 1 0
github.com/martianzhang/json2toon/converter.go:365.2,365.12 1 0
github.com/martianzhang/json2toon/converter.go:368.65,369.21 1 1
github.com/martianzhang/json2toon/converter.go:369.21,371.3 1 0
github.com/martianzhang/json2toon/converter.go:373.2,377.29 4 1
github.com/martianzhang/json2toon/converter.go:377.29,379.52 2 1
github.com/martianzhang/json2toon/converter.go:379.52,381.4 1 0
github.com/martianzhang/json2toon/converter.go:382.3,383.54 2 1
github.com/martianzhang/json2toon/converter.go:383.54,385.4 1 0
github.com/martianzhang/json2toon/converter.go:387.3,388.26 2 1
github.com/martianzhang/json2toon/converter.go:388.26,390.4 1 1
github.com/martianzhang/json2toon/converter.go:391.3,391.75 1 1
github.com/martianzhang/json2toon/converter.go:391.75,393.4 1 0
github.com/martianzhang/json2toon/converter.go:396.2,396.12 1 1
github.com/martianzhang/json2toon/converter.go:399.78,400.25 1 1
github.com/martianzhang/json2toon/converter.go:401.11,402.12 1 0
github.com/martianzhang/json2toon/converter.go:403.12,404.10 1 0
github.com/martianzhang/json2toon/converter.go:404.10,406.4 1 0
github.com/martianzhang/json2toon/converter.go:407.3,407.17 1 0
github.com/martianzhang/json2toon/converter.go:408.15,409.30 1 1
github.com/martianzhang/json2toon/converter.go:410.14,411.40 1 1
github.com/martianzhang/json2toon/converter.go:411.40,413.4 1 0
github.com/martianzhang/json2toon/converter.go:414.3,414.13 1 1
github.com/martianzhang/json2toon/converter.go:415.10,416.12 1 0
github.com/martianzhang/json2toon/converter.go:420.58,421.25 1 1
github.com/martianzhang/json2toon/converter.go:422.11,424.13 2 0
github.com/martianzhang/json2toon/converter.go:425.12,426.10 1 1
github.com/martianzhang/json2toon/converter.go:426.10,429.4 2 1
github.com/martianzhang/json2toon/converter.go:430.3,431.13 2 1
github.com/martianzhang/json2toon/converter.go:432.15,434.13 2 1
github.com/martianzhang/json2toon/converter.go:435.14,436.50 1 1
github.com/martianzhang/json2toon/converter.go:436.50,439.4 2 1
github.com/martianzhang/json2toon/converter.go:440.3,441.13 2 1
github.com/martianzhang/json2toon/converter.go:442.10,443.53 1 0
github.com/martianzhang/json2toon/converter.go:447.56,449.19 2 1
github.com/martianzhang/json2toon/converter.go:449.19,451.3 1 1
github.com/martianzhang/json2toon/converter.go:452.2,452.33 1 1
github.com/martianzhang/json2toon/converter.go:452.33,453.49 1 1
github.com/martianzhang/json2toon/converter.go:453.49,455.4 1 0
github.com/martianzhang/json2toon/converter.go:457.2,457.13 1 1
github.com/martianzhang/json2toon/converter_options.go:15.49,20.2 1 1
github.com/martianzhang/json2toon/encoder.go:22.39,24.2 1 0
github.com/martianzhang/json2toon/encoder.go:27.71,28.22 1 1
github.com/martianzhang/json2toon/encoder.go:28.22,30.3 1 0
github.com/martianzhang/json2toon/encoder.go:31.2,34.3 1 1
github.com/martianzhang/json2toon/encoder.go:38.47,40.2 1 0
github.com/martianzhang/json2toon/encoder.go:43.33,45.2 1 1
github.com/martianzhang/json2toon/encoder.go:47.52,48.25 1 0
github.com/martianzhang/json2toon/encoder.go:49.11,51.13 2 0
github.com/martianzhang/json2toon/encoder.go:52.12,53.10 1 0
github.com/martianzhang/json2toon/encoder.go:53.10,56.4 2 0
github.com/martianzhang/json2toon/encoder.go:57.3,58.13 2 0
github.com/martianzhang/json2toon/encoder.go:59.15,60.28 1 0
github.com/martianzhang/json2toon/encoder.go:61.14,62.28 1 0
github.com/martianzhang/json2toon/encoder.go:63.21,64.27 1 0
github.com/martianzhang/json2toon/encoder.go:65.30,66.28 1 0
github.com/martianzhang/json2toon/encoder.go:67.10,69.28 1 0
github.com/martianzhang/json2toon/encoder.go:73.54,75.16 2 0
github.com/martianzhang/json2toon/encoder.go:75.16,77.3 1 0
github.com/martianzhang/json2toon/encoder.go:78.2,79.55 2 0
github.com/martianzhang/json2toon/encoder.go:79.55,81.3 1 0
github.com/martianzhang/json2toon/encoder.go:82.2,82.31 1 0
github.com/martianzhang/json2toon/encoder.go:85.28,88.16 3 0
github.com/martianzhang/json2toon/encoder.go:88.16,90.3 1 0
github.com/martianzhang/json2toon/encoder.go:93.48,98.2 3 0
github.com/martianzhang/json2toon/encoder.go:100.40,102.12 1 1
github.com/martianzhang/json2toon/encoder.go:102.12,104.3 1 1
github.com/martianzhang/json2toon/encoder.go:107.2,107.28 1 1
github.com/martianzhang/json2toon/encoder.go:107.28,109.3 1 1
github.com/martianzhang/json2toon/encoder.go:112.2,115.30 2 1
github.com/martianzhang/json2toon/encoder.go:115.30,118.3 2 1
github.com/martianzhang/json2toon/encoder.go:120.2,120.10 1 1
github.com/martianzhang/json2toon/encoder.go:123.47,124.39 1 0
github.com/martianzhang/json2toon/encoder.go:124.39,126.3 1 0
github.com/martianzhang/json2toon/encoder.go:127.2,128.12 2 0
github.com/martianzhang/json2toon/encoder.go:131.53,133.16 2 0
github.com/martianzhang/json2toon/encoder.go:133.16,135.3 1 0
github.com/martianzhang/json2toon/encoder.go:137.2,137.22 1 0
github.com/martianzhang/json2toon/encoder.go:137.22,138.12 1 0
github.com/martianzhang/json2toon/encoder.go:139.13,140.34 1 0
github.com/martianzhang/json2toon/encoder.go:141.12,142.34 1 0
github.com/martianzhang/json2toon/encoder.go:143.13,144.34 1 0
github.com/martianzhang/json2toon/encoder.go:145.13,146.34 1 0
github.com/martianzhang/json2toon/encoder.go:147.13,148.34 1 0
github.com/martianzhang/json2toon/encoder.go:149.11,150.29 1 0
github.com/martianzhang/json2toon/encoder.go:152.3,152.17 1 0
github.com/martianzhang/json2toon/encoder.go:152.17,154.4 1 0
github.com/martianzhang/json2toon/encoder.go:156.2,157.12 2 0
github.com/martianzhang/json2toon/encoder.go:160.50,161.13 1 1
github.com/martianzhang/json2toon/encoder.go:161.13,163.3 1 0
github.com/martianzhang/json2toon/encoder.go:166.2,167.18 2 1
github.com/martianzhang/json2toon/encoder.go:167.18,169.3 1 0
github.com/martianzhang/json2toon/encoder.go:172.2,173.60 2 1
github.com/martianzhang/json2toon/encoder.go:173.60,175.3 1 0
github.com/martianzhang/json2toon/encoder.go:178.2,178.22 1 1
github.com/martianzhang/json2toon/encoder.go:178.22,180.3 1 0
github.com/martianzhang/json2toon/encoder.go:183.2,183.22 1 1
github.com/martianzhang/json2toon/encoder.go:183.22,186.19 1 1
github.com/martianzhang/json2toon/encoder.go:186.19,188.4 1 1
github.com/martianzhang/json2toon/encoder.go:189.3,189.28 1 1
github.com/martianzhang/json2toon/encoder.go:189.28,191.4 1 0
github.com/martianzhang/json2toon/encoder.go:195.2,195.43 1 1
github.com/martianzhang/json2toon/encoder.go:195.43,197.3 1 0
github.com/martianzhang/json2toon/encoder.go:199.2,199.14 1 1
github.com/martianzhang/json2toon/encoder.go:202.35,203.17 1 1
github.com/martianzhang/json2toon/encoder.go:203.17,205.3 1 0
github.com/martianzhang/json2toon/encoder.go:207.2,208.32 2 1
github.com/martianzhang/json2toon/encoder.go:208.32,210.3 1 0
github.com/martianzhang/json2toon/encoder.go:212.2,212.21 1 1
github.com/martianzhang/json2toon/encoder.go:212.21,214.3 1 0
github.com/martianzhang/json2toon/encoder.go:216.2,220.34 4 1
github.com/martianzhang/json2toon/encoder.go:220.34,222.27 2 1
github.com/martianzhang/json2toon/encoder.go:222.27,225.80 2 0
github.com/martianzhang/json2toon/encoder.go:225.80,227.5 1 0
github.com/martianzhang/json2toon/encoder.go:228.9,228.44 1 1
github.com/martianzhang/json2toon/encoder.go:228.44,230.4 1 0
github.com/martianzhang/json2toon/encoder.go:230.9,230.47 1 1
github.com/martianzhang/json2toon/encoder.go:230.47,232.4 1 0
github.com/martianzhang/json2toon/encoder.go:232.9,234.4 1 1
github.com/martianzhang/json2toon/encoder.go:237.2,237.17 1 0
github.com/martianzhang/json2toon/encoder.go:240.63,242.66 1 0
github.com/martianzhang/json2toon/encoder.go:242.66,243.37 1 0
github.com/martianzhang/json2toon/encoder.go:243.37,246.4 2 0
github.com/martianzhang/json2toon/encoder.go:249.2,251.22 3 0
github.com/martianzhang/json2toon/encoder.go:251.22,252.13 1 0
github.com/martianzhang/json2toon/encoder.go:252.13,253.38 1 0
github.com/martianzhang/json2toon/encoder.go:253.38,255.5 1 0
github.com/martianzhang/json2toon/encoder.go:257.3,261.17 4 0
github.com/martianzhang/json2toon/encoder.go:261.17,263.4 1 0
github.com/martianzhang/json2toon/encoder.go:265.3,265.26 1 0
github.com/martianzhang/json2toon/encoder.go:266.12,268.18 2 0
github.com/martianzhang/json2toon/encoder.go:268.18,270.5 1 0
github.com/martianzhang/json2toon/encoder.go:271.13,272.11 1 0
github.com/martianzhang/json2toon/encoder.go:272.11,274.5 1 0
github.com/martianzhang/json2toon/encoder.go:274.10,276.5 1 0
github.com/martianzhang/json2toon/encoder.go:277.4,277.18 1 0
github.com/martianzhang/json2toon/encoder.go:277.18,279.5 1 0
github.com/martianzhang/json2toon/encoder.go:280.16,282.18 2 0
github.com/martianzhang/json2toon/encoder.go:282.18,284.5 1 0
github.com/martianzhang/json2toon/encoder.go:285.4,285.45 1 0
github.com/martianzhang/json2toon/encoder.go:285.45,287.5 1 0
github.com/martianzhang/json2toon/encoder.go:288.15,290.18 2 0
github.com/martianzhang/json2toon/encoder.go:290.18,292.5 1 0
github.com/martianzhang/json2toon/encoder.go:293.4,293.45 1 0
github.com/martianzhang/json2toon/encoder.go:293.45,295.5 1 0
github.com/martianzhang/json2toon/encoder.go:296.22,297.21 1 0
github.com/martianzhang/json2toon/encoder.go:297.21,299.19 2 0
github.com/martianzhang/json2toon/encoder.go:299.19,301.6 1 0
github.com/martianzhang/json2toon/encoder.go:302.5,302.13 1 0
github.com/martianzhang/json2toon/encoder.go:305.4,305.24 1 0
github.com/martianzhang/json2toon/encoder.go:305.24,307.19 2 0
github.com/martianzhang/json2toon/encoder.go:307.19,309.6 1 0
github.com/martianzhang/json2toon/encoder.go:310.5,310.51 1 0
github.com/martianzhang/json2toon/encoder.go:310.51,312.6 1 0
github.com/martianzhang/json2toon/encoder.go:313.5,313.13 1 0
github.com/martianzhang/json2toon/encoder.go:315.4,316.18 2 0
github.com/martianzhang/json2toon/encoder.go:316.18,318.5 1 0
github.com/martianzhang/json2toon/encoder.go:319.4,319.49 1 0
github.com/martianzhang/json2toon/encoder.go:319.49,321.5 1 0
github.com/martianzhang/json2toon/encoder.go:322.31,324.18 2 0
github.com/martianzhang/json2toon/encoder.go:324.18,326.5 1 0
github.com/martianzhang/json2toon/encoder.go:327.4,327.38 1 0
github.com/martianzhang/json2toon/encoder.go:327.38,329.5 1 0
github.com/martianzhang/json2toon/encoder.go:330.4,331.45 2 0
github.com/martianzhang/json2toon/encoder.go:331.45,333.5 1 0
github.com/martianzhang/json2toon/encoder.go:334.4,334.13 1 0
github.com/martianzhang/json2toon/encoder.go:335.11,337.18 2 0
github.com/martianzhang/json2toon/encoder.go:337.18,339.5 1 0
github.com/martianzhang/json2toon/encoder.go:340.4,340.58 1 0
github.com/martianzhang/json2toon/encoder.go:340.58,342.5 1 0
github.com/martianzhang/json2toon/encoder.go:345.2,345.12 1 0
github.com/martianzhang/json2toon/encoder.go:348.68,349.17 1 0
github.com/martianzhang/json2toon/encoder.go:349.17,351.3 1 0
github.com/martianzhang/json2toon/encoder.go:353.2,353.22 1 0
github.com/martianzhang/json2toon/encoder.go:353.22,354.25 1 0
github.com/martianzhang/json2toon/encoder.go:354.25,356.4 1 0
github.com/martianzhang/json2toon/encoder.go:358.3,359.10 2 0
github.com/martianzhang/json2toon/encoder.go:359.10,361.4 1 0
github.com/martianzhang/json2toon/encoder.go:363.3,363.40 1 0
github.com/martianzhang/json2toon/encoder.go:363.40,365.4 1 0
github.com/martianzhang/json2toon/encoder.go:367.3,370.23 3 0
github.com/martianzhang/json2toon/encoder.go:370.23,371.32 1 0
github.com/martianzhang/json2toon/encoder.go:371.32,372.29 1 0
github.com/martianzhang/json2toon/encoder.go:372.29,374.6 1 0
github.com/martianzhang/json2toon/encoder.go:375.5,377.12 3 0
github.com/martianzhang/json2toon/encoder.go:377.12,379.24 1 0
github.com/martianzhang/json2toon/encoder.go:379.24,381.7 1 0
github.com/martianzhang/json2toon/encoder.go:382.6,382.22 1 0
github.com/martianzhang/json2toon/encoder.go:384.5,384.24 1 0
github.com/martianzhang/json2toon/encoder.go:384.24,386.6 1 0
github.com/martianzhang/json2toon/encoder.go:390.3,390.21 1 0
github.com/martianzhang/json2toon/encoder.go:390.21,392.4 1 0
github.com/martianzhang/json2toon/encoder.go:395.2,395.18 1 0
github.com/martianzhang/json2toon/encoder.go:398.36,399.22 1 0
github.com/martianzhang/json2toon/encoder.go:399.22,400.74 1 0
github.com/martianzhang/json2toon/encoder.go:400.74,402.4 1 0
github.com/martianzhang/json2toon/encoder.go:404.2,404.13 1 0
github.com/martianzhang/json2toon/encoder.go:407.40,408.25 1 0
github.com/martianzhang/json2toon/encoder.go:409.12,410.10 1 0
github.com/martianzhang/json2toon/encoder.go:410.10,412.4 1 0
github.com/martianzhang/json2toon/encoder.go:413.3,413.17 1 0
github.com/martianzhang/json2toon/encoder.go:414.15,415.30 1 0
github.com/martianzhang/json2toon/encoder.go:416.14,417.13 1 0
github.com/martianzhang/json2toon/encoder.go:418.10,419.12 1 0
github.com/martianzhang/json2toon/encoder.go:423.53,424.19 1 0
github.com/martianzhang/json2toon/encoder.go:424.19,426.3 1 0
github.com/martianzhang/json2toon/encoder.go:428.2,429.28 2 0
github.com/martianzhang/json2toon/encoder.go:429.28,431.3 1 0
github.com/martianzhang/json2toon/encoder.go:433.2,434.23 2 0
github.com/martianzhang/json2toon/encoder.go:434.23,436.3 1 0
github.com/martianzhang/json2toon/encoder.go:439.2,439.32 1 0
github.com/martianzhang/json2toon/encoder.go:439.32,441.37 2 0
github.com/martianzhang/json2toon/encoder.go:441.37,443.4 1 0
github.com/martianzhang/json2toon/encoder.go:444.3,444.31 1 0
github.com/martianzhang/json2toon/encoder.go:444.31,445.37 1 0
github.com/martianzhang/json2toon/encoder.go:445.37,447.5 1 0
github.com/martianzhang/json2toon/encoder.go:449.4,449.29 1 0
github.com/martianzhang/json2toon/encoder.go:449.29,451.5 1 0
github.com/martianzhang/json2toon/encoder.go:455.2,455.13 1 0
github.com/martianzhang/json2toon/encoder.go:458.38,459.18 1 0
github.com/martianzhang/json2toon/encoder.go:460.34,461.14 1 0
github.com/martianzhang/json2toon/encoder.go:463.2,463.14 1 0
github.com/martianzhang/json2toon/encoder.go:466.65,467.19 1 0
github.com/martianzhang/json2toon/encoder.go:467.19,469.3 1 0
github.com/martianzhang/json2toon/encoder.go:471.2,473.23 3 0
github.com/martianzhang/json2toon/encoder.go:473.23,475.3 1 0
github.com/martianzhang/json2toon/encoder.go:477.2,478.15 2 0
github.com/martianzhang/json2toon/encoder.go:481.61,482.19 1 0
github.com/martianzhang/json2toon/encoder.go:482.19,484.3 1 0
github.com/martianzhang/json2toon/encoder.go:486.2,488.23 3 0
github.com/martianzhang/json2toon/encoder.go:488.23,490.3 1 0
github.com/martianzhang/json2toon/encoder.go:492.2,494.27 2 0
github.com/martianzhang/json2toon/encoder.go:494.27,496.37 2 0
github.com/martianzhang/json2toon/encoder.go:496.37,498.4 1 0
github.com/martianzhang/json2toon/encoder.go:499.3,502.26 3 0
github.com/martianzhang/json2toon/encoder.go:502.26,505.4 2 0
github.com/martianzhang/json2toon/encoder.go:506.3,507.17 2 0
github.com/martianzhang/json2toon/encoder.go:507.17,509.4 1 0
github.com/martianzhang/json2toon/encoder.go:512.2,512.12 1 0
github.com/martianzhang/json2toon/encoder.go:515.63,517.2 1 0
github.com/martianzhang/json2toon/encoder.go:519.55,520.19 1 0
github.com/martianzhang/json2toon/encoder.go:520.19,523.3 2 0
github.com/martianzhang/json2toon/encoder.go:526.2,526.22 1 0
github.com/martianzhang/json2toon/encoder.go:526.22,528.17 2 0
github.com/martianzhang/json2toon/encoder.go:528.17,530.4 1 0
github.com/martianzhang/json2toon/encoder.go:531.3,531.33 1 0
github.com/martianzhang/json2toon/encoder.go:535.2,535.42 1 0
github.com/martianzhang/json2toon/encoder.go:535.42,537.17 2 0
github.com/martianzhang/json2toon/encoder.go:537.17,539.4 1 0
github.com/martianzhang/json2toon/encoder.go:540.3,542.17 3 0
github.com/martianzhang/json2toon/encoder.go:542.17,544.4 1 0
github.com/martianzhang/json2toon/encoder.go:545.3,545.25 1 0
github.com/martianzhang/json2toon/encoder.go:545.25,546.13 1 0
github.com/martianzhang/json2toon/encoder.go:546.13,548.19 2 0
github.com/martianzhang/json2toon/encoder.go:548.19,550.6 1 0
github.com/martianzhang/json2toon/encoder.go:552.4,552.46 1 0
github.com/martianzhang/json2toon/encoder.go:552.46,554.5 1 0
github.com/martianzhang/json2toon/encoder.go:556.3,556.13 1 0
github.com/martianzhang/json2toon/encoder.go:560.2,561.16 2 0
github.com/martianzhang/json2toon/encoder.go:561.16,563.3 1 0
github.com/martianzhang/json2toon/encoder.go:564.2,564.24 1 0
github.com/martianzhang/json2toon/encoder.go:564.24,565.37 1 0
github.com/martianzhang/json2toon/encoder.go:565.37,567.4 1 0
github.com/martianzhang/json2toon/encoder.go:568.3,570.17 3 0
github.com/martianzhang/json2toon/encoder.go:570.17,572.4 1 0
github.com/martianzhang/json2toon/encoder.go:574.3,574.26 1 0
github.com/martianzhang/json2toon/encoder.go:575.22,576.21 1 0
github.com/martianzhang/json2toon/encoder.go:576.21,578.19 2 0
github.com/martianzhang/json2toon/encoder.go:578.19,580.6 1 0
github.com/martianzhang/json2toon/encoder.go:581.10,581.31 1 0
github.com/martianzhang/json2toon/encoder.go:581.31,583.19 2 0
github.com/martianzhang/json2toon/encoder.go:583.19,585.6 1 0
github.com/martianzhang/json2toon/encoder.go:586.5,586.51 1 0
github.com/martianzhang/json2toon/encoder.go:586.51,588.6 1 0
github.com/martianzhang/json2toon/encoder.go:589.10,591.50 2 0
github.com/martianzhang/json2toon/encoder.go:591.50,593.6 1 0
github.com/martianzhang/json2toon/encoder.go:594.5,594.14 1 0
github.com/martianzhang/json2toon/encoder.go:596.31,598.45 2 0
github.com/martianzhang/json2toon/encoder.go:598.45,600.5 1 0
github.com/martianzhang/json2toon/encoder.go:601.4,601.13 1 0
github.com/martianzhang/json2toon/encoder.go:602.11,603.48 1 0
github.com/martianzhang/json2toon/encoder.go:603.48,605.5 1 0
github.com/martianzhang/json2toon/encoder.go:609.2,609.12 1 0
github.com/martianzhang/json2toon/encoder.go:612.44,613.19 1 0
github.com/martianzhang/json2toon/encoder.go:613.19,615.3 1 0
github.com/martianzhang/json2toon/encoder.go:616.2,617.24 2 0
github.com/martianzhang/json2toon/encoder.go:617.24,619.3 1 0
github.com/martianzhang/json2toon/encoder.go:620.2,620.19 1 0
github.com/martianzhang/json2toon/encoder.go:620.19,622.3 1 0
github.com/martianzhang/json2toon/encoder.go:623.2,623.11 1 0
github.com/martianzhang/json2toon/encoder.go:626.57,627.24 1 0
github.com/martianzhang/json2toon/encoder.go:627.24,628.22 1 0
github.com/martianzhang/json2toon/encoder.go:628.22,630.4 1 0
github.com/martianzhang/json2toon/encoder.go:632.2,632.13 1 0
github.com/martianzhang/json2toon/encoder.go:635.71,636.25 1 0
github.com/martianzhang/json2toon/encoder.go:637.11,638.12 1 0
github.com/martianzhang/json2toon/encoder.go:639.12,640.10 1 0
github.com/martianzhang/json2toon/encoder.go:640.10,642.4 1 0
github.com/martianzhang/json2toon/encoder.go:643.3,643.17 1 0
github.com/martianzhang/json2toon/encoder.go:644.15,645.30 1 0
github.com/martianzhang/json2toon/encoder.go:646.14,647.40 1 0
github.com/martianzhang/json2toon/encoder.go:647.40,649.4 1 0
github.com/martianzhang/json2toon/encoder.go:650.3,650.13 1 0
github.com/martianzhang/json2toon/encoder.go:651.10,652.12 1 0
github.com/martianzhang/json2toon/encoder.go:656.55,657.25 1 0
github.com/martianzhang/json2toon/encoder.go:658.11,660.13 2 0
github.com/martianzhang/json2toon/encoder.go:661.12,662.10 1 0
github.com/martianzhang/json2toon/encoder.go:662.10,665.4 2 0
github.com/martianzhang/json2toon/encoder.go:666.3,667.13 2 0
github.com/martianzhang/json2toon/encoder.go:668.15,669.28 1 0
github.com/martianzhang/json2toon/encoder.go:670.14,671.28 1 0
github.com/martianzhang/json2toon/encoder.go:672.10,673.45 1 0
github.com/martianzhang/json2toon/encoder.go:677.36,679.22 2 1
github.com/martianzhang/json2toon/encoder.go:679.22,680.12 1 1
github.com/martianzhang/json2toon/encoder.go:681.13,682.28 1 0
github.com/martianzhang/json2toon/encoder.go:683.12,684.28 1 0
github.com/martianzhang/json2toon/encoder.go:685.13,686.28 1 0
github.com/martianzhang/json2toon/encoder.go:687.13,688.28 1 0
github.com/martianzhang/json2toon/encoder.go:689.13,690.28 1 0
github.com/martianzhang/json2toon/encoder.go:691.11,692.23 1 1
github.com/martianzhang/json2toon/encoder.go:695.2,695.24 1 1
github.com/martianzhang/json2toon/encoder.go:698.60,699.24 1 0
github.com/martianzhang/json2toon/encoder.go:699.24,700.12 1 0
github.com/martianzhang/json2toon/encoder.go:700.12,701.38 1 0
github.com/martianzhang/json2toon/encoder.go:701.38,703.5 1 0
github.com/martianzhang/json2toon/encoder.go:705.3,705.45 1 0
github.com/martianzhang/json2toon/encoder.go:705.45,707.4 1 0
github.com/martianzhang/json2toon/encoder.go:709.2,709.12 1 0
github.com/martianzhang/json2toon/encoder.go:712.35,715.2 2 0
github.com/martianzhang/json2toon/encoder_options.go:25.45,31.2 1 1
github.com/martianzhang/json2toon/json2toon.go:13.40,14.38 1 1
github.com/martianzhang/json2toon/json2toon.go:14.38,16.3 1 1
github.com/martianzhang/json2toon/json2toon.go:20.44,21.38 1 0
github.com/martianzhang/json2toon/json2toon.go:21.38,23.3 1 0
github.com/martianzhang/json2toon/json2toon.go:27.50,28.38 1 0
github.com/martianzhang/json2toon/json2toon.go:28.38,30.3 1 0
github.com/martianzhang/json2toon/json2toon.go:34.46,35.38 1 0
github.com/martianzhang/json2toon/json2toon.go:35.38,37.3 1 0
github.com/martianzhang/json2toon/json2toon.go:41.48,44.57 3 1
github.com/martianzhang/json2toon/json2toon.go:44.57,46.3 1 1
github.com/martianzhang/json2toon/json2toon.go:47.2,47.42 1 1
github.com/martianzhang/json2toon/json2toon.go:47.42,49.3 1 0
github.com/martianzhang/json2toon/json2toon.go:50.2,50.25 1 1
github.com/martianzhang/json2toon/json2toon.go:54.52,56.16 2 1
github.com/martianzhang/json2toon/json2toon.go:56.16,58.3 1 0
github.com/martianzhang/json2toon/json2toon.go:59.2,59.28 1 1
github.com/martianzhang/json2toon/json2toon.go:63.84,65.27 2 1
github.com/martianzhang/json2toon/json2toon.go:65.27,67.3 1 1
github.com/martianzhang/json2toon/json2toon.go:69.2,71.57 3 1
github.com/martianzhang/json2toon/json2toon.go:71.57,73.3 1 0
github.com/martianzhang/json2toon/json2toon.go:74.2,74.42 1 1
github.com/martianzhang/json2toon/json2toon.go:74.42,76.3 1 0
github.com/martianzhang/json2toon/json2toon.go:77.2,77.25 1 1
github.com/martianzhang/json2toon/json2toon.go:81.54,84.59 3 1
github.com/martianzhang/json2toon/json2toon.go:84.59,86.3 1 1
github.com/martianzhang/json2toon/json2toon.go:87.2,87.42 1 1
github.com/martianzhang/json2toon/json2toon.go:87.42,89.3 1 0
github.com/martianzhang/json2toon/json2toon.go:90.2,90.25 1 1
github.com/martianzhang/json2toon/json2toon.go:94.58,96.16 2 1
github.com/martianzhang/json2toon/json2toon.go:96.16,98.3 1 0
github.com/martianzhang/json2toon/json2toon.go:99.2,99.28 1 1
github.com/martianzhang/json2toon/json2toon.go:103.90,105.27 2 0
github.com/martianzhang/json2toon/json2toon.go:105.27,107.3 1 0
github.com/martianzhang/json2toon/json2toon.go:109.2,111.59 3 0
github.com/martianzhang/json2toon/json2toon.go:111.59,113.3 1 0
github.com/martianzhang/json2toon/json2toon.go:114.2,114.42 1 0
github.com/martianzhang/json2toon/json2toon.go:114.42,116.3 1 0
github.com/martianzhang/json2toon/json2toon.go:117.2,117.25 1 0
github.com/martianzhang/json2toon/json2toon.go:121.47,123.16 2 1
github.com/martianzhang/json2toon/json2toon.go:123.16,125.3 1 0
github.com/martianzhang/json2toon/json2toon.go:126.2,126.22 1 1
github.com/martianzhang/json2toon/json2toon.go:130.58,132.16 2 1
github.com/martianzhang/json2toon/json2toon.go:132.16,134.3 1 0
github.com/martianzhang/json2toon/json2toon.go:136.2,137.52 2 1
github.com/martianzhang/json2toon/json2toon.go:137.52,139.3 1 0
github.com/martianzhang/json2toon/json2toon.go:140.2,140.26 1 1
github.com/martianzhang/json2toon/json2toon.go:144.83,146.16 2 0
github.com/martianzhang/json2toon/json2toon.go:146.16,148.3 1 0
github.com/martianzhang/json2toon/json2toon.go:149.2,149.42 1 0
github.com/martianzhang/json2toon/jsonc.go:13.50,17.21 3 1
github.com/martianzhang/json2toon/jsonc.go:17.21,19.22 1 1
github.com/martianzhang/json2toon/jsonc.go:19.22,20.57 1 1
github.com/martianzhang/json2toon/jsonc.go:20.57,22.5 1 0
github.com/martianzhang/json2toon/jsonc.go:23.4,23.12 1 1
github.com/martianzhang/json2toon/jsonc.go:27.3,27.63 1 1
github.com/martianzhang/json2toon/jsonc.go:27.63,30.43 2 1
github.com/martianzhang/json2toon/jsonc.go:30.43,32.5 1 1
github.com/martianzhang/json2toon/jsonc.go:34.4,34.12 1 1
github.com/martianzhang/json2toon/jsonc.go:38.3,38.63 1 1
github.com/martianzhang/json2toon/jsonc.go:38.63,41.25 2 1
github.com/martianzhang/json2toon/jsonc.go:41.25,42.45 1 1
github.com/martianzhang/json2toon/jsonc.go:42.45,44.11 2 1
github.com/martianzhang/json2toon/jsonc.go:46.5,46.8 1 1
github.com/martianzhang/json2toon/jsonc.go:48.4,48.23 1 1
github.com/martianzhang/json2toon/jsonc.go:48.23,50.5 1 0
github.com/martianzhang/json2toon/jsonc.go:51.4,51.12 1 1
github.com/martianzhang/json2toon/jsonc.go:55.3,56.6 2 1
github.com/martianzhang/json2toon/jsonc.go:59.2,59.28 1 1
github.com/martianzhang/json2toon/jsonc.go:62.66,66.21 3 1
github.com/martianzhang/json2toon/jsonc.go:66.21,68.36 2 1
github.com/martianzhang/json2toon/jsonc.go:68.36,74.4 4 0
github.com/martianzhang/json2toon/jsonc.go:74.9,74.22 1 1
github.com/martianzhang/json2toon/jsonc.go:74.22,78.4 3 1
github.com/martianzhang/json2toon/jsonc.go:78.9,81.4 2 1
github.com/martianzhang/json2toon/jsonc.go:84.2,84.42 1 0
